<?xml version="1.0" encoding="UTF-8"?>
<!-- Generated by org.testng.reporters.JUnitReportReporter -->
<testsuite skipped="0" hostname="DESKTOP-FLK2H69" name="com.ebay.tests.AppTest" tests="1" failures="0" timestamp="2020-05-23T23:59:13 IST" time="112.008" errors="0">
  <testcase name="validLogin" time="112.008" classname="com.ebay.tests.AppTest"/>
</testsuite> <!-- com.ebay.tests.AppTest -->
